{"numFailedTestSuites":1,"numFailedTests":1,"numPassedTestSuites":18,"numPassedTests":300,"numPendingTestSuites":0,"numPendingTests":1,"numRuntimeErrorTestSuites":0,"numTodoTests":0,"numTotalTestSuites":19,"numTotalTests":302,"openHandles":[],"snapshot":{"added":0,"didUpdate":false,"failure":false,"filesAdded":0,"filesRemoved":0,"filesRemovedList":[],"filesUnmatched":0,"filesUpdated":0,"matched":0,"total":0,"unchecked":0,"uncheckedKeysByFile":[],"unmatched":0,"updated":0},"startTime":1779069063652,"success":false,"testResults":[{"assertionResults":[{"ancestorTitles":["app api routes"],"duration":502,"failing":false,"failureDetails":[],"failureMessages":[],"fullName":"app api routes demo auth route returns cookies on successful backend login","invocations":1,"location":null,"numPassingAsserts":4,"retryReasons":[],"startAt":1779069086007,"status":"passed","title":"demo auth route returns cookies on successful backend login"},{"ancestorTitles":["app api routes"],"duration":15,"failing":false,"failureDetails":[],"failureMessages":[],"fullName":"app api routes demo auth route forwards backend auth failures","invocations":1,"location":null,"numPassingAsserts":2,"retryReasons":[],"startAt":1779069086516,"status":"passed","title":"demo auth route forwards backend auth failures"},{"ancestorTitles":["app api routes"],"duration":109,"failing":false,"failureDetails":[],"failureMessages":[],"fullName":"app api routes proxy route retries retryable failures and returns the next backend response","invocations":1,"location":null,"numPassingAsserts":4,"retryReasons":[],"startAt":1779069086532,"status":"passed","title":"proxy route retries retryable failures and returns the next backend response"},{"ancestorTitles":["app api routes"],"duration":15,"failing":false,"failureDetails":[],"failureMessages":[],"fullName":"app api routes proxy route returns 503 json when every backend fails","invocations":1,"location":null,"numPassingAsserts":2,"retryReasons":[],"startAt":1779069086644,"status":"passed","title":"proxy route returns 503 json when every backend fails"}],"endTime":1779069086669,"message":"","name":"D:\\Forensic Council\\apps\\web\\tests\\unit\\app\\routes.test.ts","startTime":1779069081034,"status":"passed","summary":""},{"assertionResults":[{"ancestorTitles":["useInvestigation Hook"],"duration":264,"failing":false,"failureDetails":[],"failureMessages":[],"fullName":"useInvestigation Hook initializes with default state","invocations":1,"location":null,"numPassingAsserts":2,"retryReasons":[],"startAt":1779069086509,"status":"passed","title":"initializes with default state"},{"ancestorTitles":["useInvestigation Hook"],"duration":65,"failing":false,"failureDetails":[],"failureMessages":[],"fullName":"useInvestigation Hook handleFile sets the file or validation error","invocations":1,"location":null,"numPassingAsserts":1,"retryReasons":[],"startAt":1779069086778,"status":"passed","title":"handleFile sets the file or validation error"},{"ancestorTitles":["useInvestigation Hook"],"duration":61,"failing":false,"failureDetails":[],"failureMessages":[],"fullName":"useInvestigation Hook handleNewUpload calls reset and routes home","invocations":1,"location":null,"numPassingAsserts":2,"retryReasons":[],"startAt":1779069086843,"status":"passed","title":"handleNewUpload calls reset and routes home"},{"ancestorTitles":["useInvestigation Hook"],"duration":62,"failing":false,"failureDetails":[],"failureMessages":[],"fullName":"useInvestigation Hook handleAcceptAnalysis guards against re-entry","invocations":1,"location":null,"numPassingAsserts":1,"retryReasons":[],"startAt":1779069086905,"status":"passed","title":"handleAcceptAnalysis guards against re-entry"},{"ancestorTitles":["useInvestigation Hook"],"duration":78,"failing":false,"failureDetails":[],"failureMessages":[],"fullName":"useInvestigation Hook handleDeepAnalysis prevents re-entry","invocations":1,"location":null,"numPassingAsserts":1,"retryReasons":[],"startAt":1779069086971,"status":"passed","title":"handleDeepAnalysis prevents re-entry"},{"ancestorTitles":["useInvestigation Hook"],"duration":41,"failing":false,"failureDetails":[],"failureMessages":[],"fullName":"useInvestigation Hook handleHITLDecision calls API and dismisses checkpoint","invocations":1,"location":null,"numPassingAsserts":1,"retryReasons":[],"startAt":1779069087050,"status":"passed","title":"handleHITLDecision calls API and dismisses checkpoint"},{"ancestorTitles":["useInvestigation Hook","failure path resets UI state"],"duration":29,"failing":false,"failureDetails":[],"failureMessages":[],"fullName":"useInvestigation Hook failure path resets UI state isUploading state resets after auth failure simulation","invocations":1,"location":null,"numPassingAsserts":1,"retryReasons":[],"startAt":1779069087094,"status":"passed","title":"isUploading state resets after auth failure simulation"}],"endTime":1779069087137,"message":"","name":"D:\\Forensic Council\\apps\\web\\tests\\unit\\hooks\\useInvestigation.test.ts","startTime":1779069080501,"status":"passed","summary":""},{"assertionResults":[{"ancestorTitles":["mapReportDtoToReport()"],"duration":36,"failing":false,"failureDetails":[],"failureMessages":[],"fullName":"mapReportDtoToReport() maps report_id → id","invocations":1,"location":null,"numPassingAsserts":1,"retryReasons":[],"startAt":1779069088105,"status":"passed","title":"maps report_id → id"},{"ancestorTitles":["mapReportDtoToReport()"],"duration":5,"failing":false,"failureDetails":[],"failureMessages":[],"fullName":"mapReportDtoToReport() maps case_id → fileName","invocations":1,"location":null,"numPassingAsserts":1,"retryReasons":[],"startAt":1779069088146,"status":"passed","title":"maps case_id → fileName"},{"ancestorTitles":["mapReportDtoToReport()"],"duration":4,"failing":false,"failureDetails":[],"failureMessages":[],"fullName":"mapReportDtoToReport() maps executive_summary → summary","invocations":1,"location":null,"numPassingAsserts":1,"retryReasons":[],"startAt":1779069088152,"status":"passed","title":"maps executive_summary → summary"},{"ancestorTitles":["mapReportDtoToReport()"],"duration":1,"failing":false,"failureDetails":[],"failureMessages":[],"fullName":"mapReportDtoToReport() maps signed_utc → timestamp","invocations":1,"location":null,"numPassingAsserts":1,"retryReasons":[],"startAt":1779069088157,"status":"passed","title":"maps signed_utc → timestamp"},{"ancestorTitles":["mapReportDtoToReport()"],"duration":6,"failing":false,"failureDetails":[],"failureMessages":[],"fullName":"mapReportDtoToReport() uses current ISO when signed_utc is null","invocations":1,"location":null,"numPassingAsserts":1,"retryReasons":[],"startAt":1779069088160,"status":"passed","title":"uses current ISO when signed_utc is null"},{"ancestorTitles":["mapReportDtoToReport()"],"duration":7,"failing":false,"failureDetails":[],"failureMessages":[],"fullName":"mapReportDtoToReport() flattens per_agent_findings into agents array","invocations":1,"location":null,"numPassingAsserts":1,"retryReasons":[],"startAt":1779069088167,"status":"passed","title":"flattens per_agent_findings into agents array"},{"ancestorTitles":["mapReportDtoToReport()"],"duration":5,"failing":false,"failureDetails":[],"failureMessages":[],"fullName":"mapReportDtoToReport() uses court_statement as result when available","invocations":1,"location":null,"numPassingAsserts":1,"retryReasons":[],"startAt":1779069088175,"status":"passed","title":"uses court_statement as result when available"},{"ancestorTitles":["mapReportDtoToReport()"],"duration":5,"failing":false,"failureDetails":[],"failureMessages":[],"fullName":"mapReportDtoToReport() falls back to reasoning_summary when court_statement is null","invocations":1,"location":null,"numPassingAsserts":1,"retryReasons":[],"startAt":1779069088180,"status":"passed","title":"falls back to reasoning_summary when court_statement is null"},{"ancestorTitles":["mapReportDtoToReport()"],"duration":6,"failing":false,"failureDetails":[],"failureMessages":[],"fullName":"mapReportDtoToReport() uses confidence_raw as confidence when available","invocations":1,"location":null,"numPassingAsserts":1,"retryReasons":[],"startAt":1779069088189,"status":"passed","title":"uses confidence_raw as confidence when available"},{"ancestorTitles":["mapReportDtoToReport()"],"duration":4,"failing":false,"failureDetails":[],"failureMessages":[],"fullName":"mapReportDtoToReport() falls back to confidence_raw when not calibrated","invocations":1,"location":null,"numPassingAsserts":1,"retryReasons":[],"startAt":1779069088202,"status":"passed","title":"falls back to confidence_raw when not calibrated"},{"ancestorTitles":["mapReportDtoToReport()"],"duration":3,"failing":false,"failureDetails":[],"failureMessages":[],"fullName":"mapReportDtoToReport() maps agent_name → name and role","invocations":1,"location":null,"numPassingAsserts":1,"retryReasons":[],"startAt":1779069088207,"status":"passed","title":"maps agent_name → name and role"},{"ancestorTitles":["mapReportDtoToReport()"],"duration":2,"failing":false,"failureDetails":[],"failureMessages":[],"fullName":"mapReportDtoToReport() handles empty per_agent_findings","invocations":1,"location":null,"numPassingAsserts":1,"retryReasons":[],"startAt":1779069088210,"status":"passed","title":"handles empty per_agent_findings"},{"ancestorTitles":["mapReportDtoToReport()"],"duration":2,"failing":false,"failureDetails":[],"failureMessages":[],"fullName":"mapReportDtoToReport() handles agent with multiple findings (flattens all)","invocations":1,"location":null,"numPassingAsserts":1,"retryReasons":[],"startAt":1779069088216,"status":"passed","title":"handles agent with multiple findings (flattens all)"},{"ancestorTitles":["useForensicData — initial state"],"duration":177,"failing":false,"failureDetails":[],"failureMessages":[],"fullName":"useForensicData — initial state starts with empty history","invocations":1,"location":null,"numPassingAsserts":1,"retryReasons":[],"startAt":1779069088218,"status":"passed","title":"starts with empty history"},{"ancestorTitles":["useForensicData — initial state"],"duration":30,"failing":false,"failureDetails":[],"failureMessages":[],"fullName":"useForensicData — initial state starts with null currentReport","invocations":1,"location":null,"numPassingAsserts":1,"retryReasons":[],"startAt":1779069088395,"status":"passed","title":"starts with null currentReport"},{"ancestorTitles":["useForensicData — initial state"],"duration":34,"failing":false,"failureDetails":[],"failureMessages":[],"fullName":"useForensicData — initial state starts with isAnalyzing=false","invocations":1,"location":null,"numPassingAsserts":1,"retryReasons":[],"startAt":1779069088426,"status":"passed","title":"starts with isAnalyzing=false"},{"ancestorTitles":["useForensicData — initial state"],"duration":23,"failing":false,"failureDetails":[],"failureMessages":[],"fullName":"useForensicData — initial state starts with pollError=null","invocations":1,"location":null,"numPassingAsserts":1,"retryReasons":[],"startAt":1779069088461,"status":"passed","title":"starts with pollError=null"},{"ancestorTitles":["useForensicData — sessionStorage loading"],"duration":37,"failing":false,"failureDetails":[],"failureMessages":[],"fullName":"useForensicData — sessionStorage loading loads valid history from sessionStorage on mount","invocations":1,"location":null,"numPassingAsserts":2,"retryReasons":[],"startAt":1779069088487,"status":"passed","title":"loads valid history from sessionStorage on mount"},{"ancestorTitles":["useForensicData — sessionStorage loading"],"duration":272,"failing":false,"failureDetails":[],"failureMessages":[],"fullName":"useForensicData — sessionStorage loading ignores invalid JSON in fc_history","invocations":1,"location":null,"numPassingAsserts":1,"retryReasons":[],"startAt":1779069088525,"status":"passed","title":"ignores invalid JSON in fc_history"},{"ancestorTitles":["useForensicData — sessionStorage loading"],"duration":26,"failing":false,"failureDetails":[],"failureMessages":[],"fullName":"useForensicData — sessionStorage loading ignores invalid schema in fc_history","invocations":1,"location":null,"numPassingAsserts":1,"retryReasons":[],"startAt":1779069088798,"status":"passed","title":"ignores invalid schema in fc_history"},{"ancestorTitles":["useForensicData — sessionStorage loading"],"duration":24,"failing":false,"failureDetails":[],"failureMessages":[],"fullName":"useForensicData — sessionStorage loading loads currentReport from fc_current_report","invocations":1,"location":null,"numPassingAsserts":1,"retryReasons":[],"startAt":1779069088825,"status":"passed","title":"loads currentReport from fc_current_report"},{"ancestorTitles":["useForensicData — history operations"],"duration":56,"failing":false,"failureDetails":[],"failureMessages":[],"fullName":"useForensicData — history operations addToHistory adds report and persists to sessionStorage","invocations":1,"location":null,"numPassingAsserts":2,"retryReasons":[],"startAt":1779069088850,"status":"passed","title":"addToHistory adds report and persists to sessionStorage"},{"ancestorTitles":["useForensicData — history operations"],"duration":12,"failing":false,"failureDetails":[],"failureMessages":[],"fullName":"useForensicData — history operations addToHistory prepends (newest first)","invocations":1,"location":null,"numPassingAsserts":1,"retryReasons":[],"startAt":1779069088909,"status":"passed","title":"addToHistory prepends (newest first)"},{"ancestorTitles":["useForensicData — history operations"],"duration":17,"failing":false,"failureDetails":[],"failureMessages":[],"fullName":"useForensicData — history operations addToHistory does not add duplicates","invocations":1,"location":null,"numPassingAsserts":1,"retryReasons":[],"startAt":1779069088922,"status":"passed","title":"addToHistory does not add duplicates"},{"ancestorTitles":["useForensicData — history operations"],"duration":16,"failing":false,"failureDetails":[],"failureMessages":[],"fullName":"useForensicData — history operations deleteFromHistory removes correct entry","invocations":1,"location":null,"numPassingAsserts":2,"retryReasons":[],"startAt":1779069088940,"status":"passed","title":"deleteFromHistory removes correct entry"},{"ancestorTitles":["useForensicData — history operations"],"duration":13,"failing":false,"failureDetails":[],"failureMessages":[],"fullName":"useForensicData — history operations clearHistory empties history and removes sessionStorage key","invocations":1,"location":null,"numPassingAsserts":2,"retryReasons":[],"startAt":1779069088956,"status":"passed","title":"clearHistory empties history and removes sessionStorage key"},{"ancestorTitles":["useForensicData — saveCurrentReport"],"duration":7,"failing":false,"failureDetails":[],"failureMessages":[],"fullName":"useForensicData — saveCurrentReport updates currentReport state","invocations":1,"location":null,"numPassingAsserts":1,"retryReasons":[],"startAt":1779069088972,"status":"passed","title":"updates currentReport state"},{"ancestorTitles":["useForensicData — saveCurrentReport"],"duration":10,"failing":false,"failureDetails":[],"failureMessages":[],"fullName":"useForensicData — saveCurrentReport persists to sessionStorage","invocations":1,"location":null,"numPassingAsserts":1,"retryReasons":[],"startAt":1779069088982,"status":"passed","title":"persists to sessionStorage"},{"ancestorTitles":["useForensicData — startAnalysis"],"duration":26,"failing":false,"failureDetails":[],"failureMessages":[],"fullName":"useForensicData — startAnalysis calls startInvestigation with correct args and returns session ID","invocations":1,"location":null,"numPassingAsserts":1,"retryReasons":[],"startAt":1779069088993,"status":"passed","title":"calls startInvestigation with correct args and returns session ID"},{"ancestorTitles":["useForensicData — startAnalysis"],"duration":17,"failing":false,"failureDetails":[],"failureMessages":[],"fullName":"useForensicData — startAnalysis rethrows errors from startInvestigation","invocations":1,"location":null,"numPassingAsserts":1,"retryReasons":[],"startAt":1779069089019,"status":"passed","title":"rethrows errors from startInvestigation"},{"ancestorTitles":["useForensicData — validateFile"],"duration":12,"failing":false,"failureDetails":[],"failureMessages":[],"fullName":"useForensicData — validateFile rejects file over 50MB","invocations":1,"location":null,"numPassingAsserts":2,"retryReasons":[],"startAt":1779069089037,"status":"passed","title":"rejects file over 50MB"},{"ancestorTitles":["useForensicData — validateFile"],"duration":10,"failing":false,"failureDetails":[],"failureMessages":[],"fullName":"useForensicData — validateFile rejects unsupported MIME type","invocations":1,"location":null,"numPassingAsserts":2,"retryReasons":[],"startAt":1779069089050,"status":"passed","title":"rejects unsupported MIME type"},{"ancestorTitles":["useForensicData — validateFile"],"duration":28,"failing":false,"failureDetails":[],"failureMessages":[],"fullName":"useForensicData — validateFile accepts image/jpeg","invocations":1,"location":null,"numPassingAsserts":1,"retryReasons":[],"startAt":1779069089060,"status":"passed","title":"accepts image/jpeg"},{"ancestorTitles":["useForensicData — validateFile"],"duration":11,"failing":false,"failureDetails":[],"failureMessages":[],"fullName":"useForensicData — validateFile accepts image/png","invocations":1,"location":null,"numPassingAsserts":1,"retryReasons":[],"startAt":1779069089088,"status":"passed","title":"accepts image/png"},{"ancestorTitles":["useForensicData — validateFile"],"duration":8,"failing":false,"failureDetails":[],"failureMessages":[],"fullName":"useForensicData — validateFile accepts video/mp4","invocations":1,"location":null,"numPassingAsserts":1,"retryReasons":[],"startAt":1779069089099,"status":"passed","title":"accepts video/mp4"},{"ancestorTitles":["useForensicData — validateFile"],"duration":18,"failing":false,"failureDetails":[],"failureMessages":[],"fullName":"useForensicData — validateFile accepts audio/wav","invocations":1,"location":null,"numPassingAsserts":1,"retryReasons":[],"startAt":1779069089107,"status":"passed","title":"accepts audio/wav"},{"ancestorTitles":["useForensicData — validateFile"],"duration":15,"failing":false,"failureDetails":[],"failureMessages":[],"fullName":"useForensicData — validateFile accepts audio/mpeg (mp3)","invocations":1,"location":null,"numPassingAsserts":1,"retryReasons":[],"startAt":1779069089134,"status":"passed","title":"accepts audio/mpeg (mp3)"},{"ancestorTitles":["useForensicData — validateFile"],"duration":5,"failing":false,"failureDetails":[],"failureMessages":[],"fullName":"useForensicData — validateFile rejects application/pdf","invocations":1,"location":null,"numPassingAsserts":1,"retryReasons":[],"startAt":1779069089149,"status":"passed","title":"rejects application/pdf"}],"endTime":1779069089166,"message":"","name":"D:\\Forensic Council\\apps\\web\\tests\\unit\\hooks\\useForensicData.test.ts","startTime":1779069082174,"status":"passed","summary":""},{"assertionResults":[{"ancestorTitles":["SessionExpiredPage"],"duration":862,"failing":false,"failureDetails":[],"failureMessages":[],"fullName":"SessionExpiredPage renders the expired-session guidance","invocations":1,"location":null,"numPassingAsserts":2,"retryReasons":[],"startAt":1779069088597,"status":"passed","title":"renders the expired-session guidance"},{"ancestorTitles":["SessionExpiredPage"],"duration":269,"failing":false,"failureDetails":[],"failureMessages":[],"fullName":"SessionExpiredPage routes back to the dashboard","invocations":1,"location":null,"numPassingAsserts":1,"retryReasons":[],"startAt":1779069089459,"status":"passed","title":"routes back to the dashboard"}],"endTime":1779069089732,"message":"","name":"D:\\Forensic Council\\apps\\web\\tests\\unit\\app\\session-expired.test.tsx","startTime":1779069087246,"status":"passed","summary":""},{"assertionResults":[{"ancestorTitles":["LoadingOverlay"],"duration":138,"failing":false,"failureDetails":[],"failureMessages":[],"fullName":"LoadingOverlay renders overlay container","invocations":1,"location":null,"numPassingAsserts":1,"retryReasons":[],"startAt":1779069090571,"status":"passed","title":"renders overlay container"},{"ancestorTitles":["LoadingOverlay"],"duration":31,"failing":false,"failureDetails":[],"failureMessages":[],"fullName":"LoadingOverlay applies fixed positioning and blur classes","invocations":1,"location":null,"numPassingAsserts":2,"retryReasons":[],"startAt":1779069090710,"status":"passed","title":"applies fixed positioning and blur classes"}],"endTime":1779069090743,"message":"","name":"D:\\Forensic Council\\apps\\web\\tests\\unit\\components\\LoadingOverlay.test.tsx","startTime":1779069089394,"status":"passed","summary":""},{"assertionResults":[{"ancestorTitles":["mapReportDtoToReport — complex reports"],"duration":13,"failing":false,"failureDetails":[],"failureMessages":[],"fullName":"mapReportDtoToReport — complex reports handles 5 agents each with 2 findings (10 agents entries)","invocations":1,"location":null,"numPassingAsserts":1,"retryReasons":[],"startAt":1779069091001,"status":"passed","title":"handles 5 agents each with 2 findings (10 agents entries)"},{"ancestorTitles":["mapReportDtoToReport — complex reports"],"duration":6,"failing":false,"failureDetails":[],"failureMessages":[],"fullName":"mapReportDtoToReport — complex reports handles agent findings with phase metadata (deep analysis)","invocations":1,"location":null,"numPassingAsserts":3,"retryReasons":[],"startAt":1779069091015,"status":"passed","title":"handles agent findings with phase metadata (deep analysis)"},{"ancestorTitles":["mapReportDtoToReport — complex reports"],"duration":1,"failing":false,"failureDetails":[],"failureMessages":[],"fullName":"mapReportDtoToReport — complex reports preserves all findings including same-type entries (dedup is UI-only in AgentSection)","invocations":1,"location":null,"numPassingAsserts":1,"retryReasons":[],"startAt":1779069091024,"status":"passed","title":"preserves all findings including same-type entries (dedup is UI-only in AgentSection)"},{"ancestorTitles":["mapReportDtoToReport — complex reports"],"duration":4,"failing":false,"failureDetails":[],"failureMessages":[],"fullName":"mapReportDtoToReport — complex reports preserves correct fields for court display","invocations":1,"location":null,"numPassingAsserts":2,"retryReasons":[],"startAt":1779069091025,"status":"passed","title":"preserves correct fields for court display"},{"ancestorTitles":["mapReportDtoToReport — complex reports"],"duration":5,"failing":false,"failureDetails":[],"failureMessages":[],"fullName":"mapReportDtoToReport — complex reports produces correct report metadata fields","invocations":1,"location":null,"numPassingAsserts":4,"retryReasons":[],"startAt":1779069091029,"status":"passed","title":"produces correct report metadata fields"},{"ancestorTitles":["Session Data Flow"],"duration":2,"failing":false,"failureDetails":[],"failureMessages":[],"fullName":"Session Data Flow session ID is stored to sessionStorage after investigation starts","invocations":1,"location":null,"numPassingAsserts":1,"retryReasons":[],"startAt":1779069091037,"status":"passed","title":"session ID is stored to sessionStorage after investigation starts"},{"ancestorTitles":["Session Data Flow"],"duration":1,"failing":false,"failureDetails":[],"failureMessages":[],"fullName":"Session Data Flow sessionStorage survives re-render (data persists in store)","invocations":1,"location":null,"numPassingAsserts":2,"retryReasons":[],"startAt":1779069091042,"status":"passed","title":"sessionStorage survives re-render (data persists in store)"},{"ancestorTitles":["Session Data Flow"],"duration":2,"failing":false,"failureDetails":[],"failureMessages":[],"fullName":"Session Data Flow report saved to sessionStorage after poll completes","invocations":1,"location":null,"numPassingAsserts":1,"retryReasons":[],"startAt":1779069091048,"status":"passed","title":"report saved to sessionStorage after poll completes"},{"ancestorTitles":["Session Data Flow"],"duration":5,"failing":false,"failureDetails":[],"failureMessages":[],"fullName":"Session Data Flow history deduplication — same ID not added twice","invocations":1,"location":null,"numPassingAsserts":2,"retryReasons":[],"startAt":1779069091050,"status":"passed","title":"history deduplication — same ID not added twice"},{"ancestorTitles":["Session Data Flow"],"duration":5,"failing":false,"failureDetails":[],"failureMessages":[],"fullName":"Session Data Flow history keeps multiple distinct entries","invocations":1,"location":null,"numPassingAsserts":1,"retryReasons":[],"startAt":1779069091058,"status":"passed","title":"history keeps multiple distinct entries"},{"ancestorTitles":["WebSocket Message Type Mapping"],"duration":1,"failing":false,"failureDetails":[],"failureMessages":[],"fullName":"WebSocket Message Type Mapping message type 'CONNECTED' can be JSON stringified and parsed","invocations":1,"location":null,"numPassingAsserts":1,"retryReasons":[],"startAt":1779069091064,"status":"passed","title":"message type 'CONNECTED' can be JSON stringified and parsed"},{"ancestorTitles":["WebSocket Message Type Mapping"],"duration":3,"failing":false,"failureDetails":[],"failureMessages":[],"fullName":"WebSocket Message Type Mapping message type 'AUTH' can be JSON stringified and parsed","invocations":1,"location":null,"numPassingAsserts":1,"retryReasons":[],"startAt":1779069091065,"status":"passed","title":"message type 'AUTH' can be JSON stringified and parsed"},{"ancestorTitles":["WebSocket Message Type Mapping"],"duration":4,"failing":false,"failureDetails":[],"failureMessages":[],"fullName":"WebSocket Message Type Mapping message type 'AGENT_START' can be JSON stringified and parsed","invocations":1,"location":null,"numPassingAsserts":1,"retryReasons":[],"startAt":1779069091068,"status":"passed","title":"message type 'AGENT_START' can be JSON stringified and parsed"},{"ancestorTitles":["WebSocket Message Type Mapping"],"duration":1,"failing":false,"failureDetails":[],"failureMessages":[],"fullName":"WebSocket Message Type Mapping message type 'AGENT_UPDATE' can be JSON stringified and parsed","invocations":1,"location":null,"numPassingAsserts":1,"retryReasons":[],"startAt":1779069091072,"status":"passed","title":"message type 'AGENT_UPDATE' can be JSON stringified and parsed"},{"ancestorTitles":["WebSocket Message Type Mapping"],"duration":4,"failing":false,"failureDetails":[],"failureMessages":[],"fullName":"WebSocket Message Type Mapping message type 'AGENT_COMPLETE' can be JSON stringified and parsed","invocations":1,"location":null,"numPassingAsserts":1,"retryReasons":[],"startAt":1779069091073,"status":"passed","title":"message type 'AGENT_COMPLETE' can be JSON stringified and parsed"},{"ancestorTitles":["WebSocket Message Type Mapping"],"duration":6,"failing":false,"failureDetails":[],"failureMessages":[],"fullName":"WebSocket Message Type Mapping message type 'PIPELINE_PAUSED' can be JSON stringified and parsed","invocations":1,"location":null,"numPassingAsserts":1,"retryReasons":[],"startAt":1779069091077,"status":"passed","title":"message type 'PIPELINE_PAUSED' can be JSON stringified and parsed"},{"ancestorTitles":["WebSocket Message Type Mapping"],"duration":4,"failing":false,"failureDetails":[],"failureMessages":[],"fullName":"WebSocket Message Type Mapping message type 'PIPELINE_COMPLETE' can be JSON stringified and parsed","invocations":1,"location":null,"numPassingAsserts":1,"retryReasons":[],"startAt":1779069091084,"status":"passed","title":"message type 'PIPELINE_COMPLETE' can be JSON stringified and parsed"},{"ancestorTitles":["WebSocket Message Type Mapping"],"duration":7,"failing":false,"failureDetails":[],"failureMessages":[],"fullName":"WebSocket Message Type Mapping message type 'ERROR' can be JSON stringified and parsed","invocations":1,"location":null,"numPassingAsserts":1,"retryReasons":[],"startAt":1779069091088,"status":"passed","title":"message type 'ERROR' can be JSON stringified and parsed"},{"ancestorTitles":["WebSocket Message Type Mapping"],"duration":6,"failing":false,"failureDetails":[],"failureMessages":[],"fullName":"WebSocket Message Type Mapping AGENT_COMPLETE message carries expected fields","invocations":1,"location":null,"numPassingAsserts":2,"retryReasons":[],"startAt":1779069091095,"status":"passed","title":"AGENT_COMPLETE message carries expected fields"},{"ancestorTitles":["WebSocket Message Type Mapping"],"duration":1,"failing":false,"failureDetails":[],"failureMessages":[],"fullName":"WebSocket Message Type Mapping PIPELINE_PAUSED message carries checkpoint fields","invocations":1,"location":null,"numPassingAsserts":2,"retryReasons":[],"startAt":1779069091105,"status":"passed","title":"PIPELINE_PAUSED message carries checkpoint fields"},{"ancestorTitles":["WebSocket Message Type Mapping"],"duration":5,"failing":false,"failureDetails":[],"failureMessages":[],"fullName":"WebSocket Message Type Mapping AGENT_UPDATE message carries thinking field","invocations":1,"location":null,"numPassingAsserts":1,"retryReasons":[],"startAt":1779069091106,"status":"passed","title":"AGENT_UPDATE message carries thinking field"},{"ancestorTitles":["Report Findings Deduplication (v1.0.3 fix)"],"duration":7,"failing":false,"failureDetails":[],"failureMessages":[],"fullName":"Report Findings Deduplication (v1.0.3 fix) no phase metadata → deduplicate by finding_type (prevents duplicates)","invocations":1,"location":null,"numPassingAsserts":3,"retryReasons":[],"startAt":1779069091112,"status":"passed","title":"no phase metadata → deduplicate by finding_type (prevents duplicates)"},{"ancestorTitles":["Report Findings Deduplication (v1.0.3 fix)"],"duration":4,"failing":false,"failureDetails":[],"failureMessages":[],"fullName":"Report Findings Deduplication (v1.0.3 fix) with phase metadata → both initial and deep entries preserved","invocations":1,"location":null,"numPassingAsserts":3,"retryReasons":[],"startAt":1779069091120,"status":"passed","title":"with phase metadata → both initial and deep entries preserved"},{"ancestorTitles":["Report Findings Deduplication (v1.0.3 fix)"],"duration":5,"failing":false,"failureDetails":[],"failureMessages":[],"fullName":"Report Findings Deduplication (v1.0.3 fix) empty findings array → empty result","invocations":1,"location":null,"numPassingAsserts":1,"retryReasons":[],"startAt":1779069091124,"status":"passed","title":"empty findings array → empty result"},{"ancestorTitles":["Auth Token Lifecycle"],"duration":4,"failing":false,"failureDetails":[],"failureMessages":[],"fullName":"Auth Token Lifecycle token set after login response","invocations":1,"location":null,"numPassingAsserts":2,"retryReasons":[],"startAt":1779069091133,"status":"passed","title":"token set after login response"},{"ancestorTitles":["Auth Token Lifecycle"],"duration":6,"failing":false,"failureDetails":[],"failureMessages":[],"fullName":"Auth Token Lifecycle expired token cleared automatically","invocations":1,"location":null,"numPassingAsserts":2,"retryReasons":[],"startAt":1779069091139,"status":"passed","title":"expired token cleared automatically"},{"ancestorTitles":["Auth Token Lifecycle"],"duration":7,"failing":false,"failureDetails":[],"failureMessages":[],"fullName":"Auth Token Lifecycle token survives non-expiry window (still valid)","invocations":1,"location":null,"numPassingAsserts":2,"retryReasons":[],"startAt":1779069091145,"status":"passed","title":"token survives non-expiry window (still valid)"},{"ancestorTitles":["Auth Token Lifecycle"],"duration":8,"failing":false,"failureDetails":[],"failureMessages":[],"fullName":"Auth Token Lifecycle clearAuthToken makes isAuthenticated return false","invocations":1,"location":null,"numPassingAsserts":2,"retryReasons":[],"startAt":1779069091153,"status":"passed","title":"clearAuthToken makes isAuthenticated return false"},{"ancestorTitles":["Auth Token Lifecycle"],"duration":7,"failing":false,"failureDetails":[],"failureMessages":[],"fullName":"Auth Token Lifecycle multiple setAuthToken calls overwrite previous token","invocations":1,"location":null,"numPassingAsserts":1,"retryReasons":[],"startAt":1779069091161,"status":"passed","title":"multiple setAuthToken calls overwrite previous token"},{"ancestorTitles":["Session-scoped metadata"],"duration":5,"failing":false,"failureDetails":[],"failureMessages":[],"fullName":"Session-scoped metadata writes scoped context alongside global context when session starts","invocations":1,"location":null,"numPassingAsserts":2,"retryReasons":[],"startAt":1779069091169,"status":"passed","title":"writes scoped context alongside global context when session starts"},{"ancestorTitles":["Session-scoped metadata"],"duration":5,"failing":false,"failureDetails":[],"failureMessages":[],"fullName":"Session-scoped metadata history item fileName can differ per session","invocations":1,"location":null,"numPassingAsserts":2,"retryReasons":[],"startAt":1779069091174,"status":"passed","title":"history item fileName can differ per session"},{"ancestorTitles":["Route-State Matrix"],"duration":13,"failing":false,"failureDetails":[],"failureMessages":[],"fullName":"Route-State Matrix home with ?upload=1 opens upload modal","invocations":1,"location":null,"numPassingAsserts":1,"retryReasons":[],"startAt":1779069091180,"status":"passed","title":"home with ?upload=1 opens upload modal"},{"ancestorTitles":["Route-State Matrix"],"duration":5,"failing":false,"failureDetails":[],"failureMessages":[],"fullName":"Route-State Matrix evidence without pending file and without session redirects home with upload prompt","invocations":1,"location":null,"numPassingAsserts":1,"retryReasons":[],"startAt":1779069091194,"status":"passed","title":"evidence without pending file and without session redirects home with upload prompt"},{"ancestorTitles":["Route-State Matrix"],"duration":4,"failing":false,"failureDetails":[],"failureMessages":[],"fullName":"Route-State Matrix evidence with expired auto-start shows recovery and returns home","invocations":1,"location":null,"numPassingAsserts":1,"retryReasons":[],"startAt":1779069091200,"status":"passed","title":"evidence with expired auto-start shows recovery and returns home"},{"ancestorTitles":["Route-State Matrix"],"duration":7,"failing":false,"failureDetails":[],"failureMessages":[],"fullName":"Route-State Matrix evidence with existing running session reconnects","invocations":1,"location":null,"numPassingAsserts":1,"retryReasons":[],"startAt":1779069091204,"status":"passed","title":"evidence with existing running session reconnects"},{"ancestorTitles":["Route-State Matrix"],"duration":2,"failing":false,"failureDetails":[],"failureMessages":[],"fullName":"Route-State Matrix result without session shows empty state","invocations":1,"location":null,"numPassingAsserts":1,"retryReasons":[],"startAt":1779069091212,"status":"passed","title":"result without session shows empty state"},{"ancestorTitles":["Route-State Matrix"],"duration":4,"failing":false,"failureDetails":[],"failureMessages":[],"fullName":"Route-State Matrix result with complete session renders report","invocations":1,"location":null,"numPassingAsserts":1,"retryReasons":[],"startAt":1779069091214,"status":"passed","title":"result with complete session renders report"},{"ancestorTitles":["Route-State Matrix"],"duration":5,"failing":false,"failureDetails":[],"failureMessages":[],"fullName":"Route-State Matrix result with missing session shows graceful error","invocations":1,"location":null,"numPassingAsserts":1,"retryReasons":[],"startAt":1779069091218,"status":"passed","title":"result with missing session shows graceful error"},{"ancestorTitles":["Route-State Matrix"],"duration":9,"failing":false,"failureDetails":[],"failureMessages":[],"fullName":"Route-State Matrix new upload clears active investigation but preserves history","invocations":1,"location":null,"numPassingAsserts":3,"retryReasons":[],"startAt":1779069091225,"status":"passed","title":"new upload clears active investigation but preserves history"},{"ancestorTitles":["Deep result context"],"duration":1,"failing":false,"failureDetails":[],"failureMessages":[],"fullName":"Deep result context deep result loads deep agent timeline","invocations":1,"location":null,"numPassingAsserts":2,"retryReasons":[],"startAt":1779069091235,"status":"passed","title":"deep result loads deep agent timeline"},{"ancestorTitles":["Deep result context"],"duration":5,"failing":false,"failureDetails":[],"failureMessages":[],"fullName":"Deep result context deep result preserves original file name from scoped context","invocations":1,"location":null,"numPassingAsserts":2,"retryReasons":[],"startAt":1779069091237,"status":"passed","title":"deep result preserves original file name from scoped context"},{"ancestorTitles":["Deep result context"],"duration":5,"failing":false,"failureDetails":[],"failureMessages":[],"fullName":"Deep result context deep result saves history item with type Deep","invocations":1,"location":null,"numPassingAsserts":1,"retryReasons":[],"startAt":1779069091242,"status":"passed","title":"deep result saves history item with type Deep"},{"ancestorTitles":["Deep result context"],"duration":2,"failing":false,"failureDetails":[],"failureMessages":[],"fullName":"Deep result context initial result saves history item with type Initial","invocations":1,"location":null,"numPassingAsserts":1,"retryReasons":[],"startAt":1779069091248,"status":"passed","title":"initial result saves history item with type Initial"}],"endTime":1779069091260,"message":"","name":"D:\\Forensic Council\\apps\\web\\tests\\integration\\page_flows.test.tsx","startTime":1779069089881,"status":"passed","summary":""},{"assertionResults":[{"ancestorTitles":["WebSocket lifecycle"],"duration":75,"failing":false,"failureDetails":[],"failureMessages":[],"fullName":"WebSocket lifecycle resolves when the backend confirms connection","invocations":1,"location":null,"numPassingAsserts":1,"retryReasons":[],"startAt":1779069091957,"status":"passed","title":"resolves when the backend confirms connection"},{"ancestorTitles":["WebSocket lifecycle"],"duration":18,"failing":false,"failureDetails":[],"failureMessages":[],"fullName":"WebSocket lifecycle also resolves when the first live agent update arrives before CONNECTED","invocations":1,"location":null,"numPassingAsserts":1,"retryReasons":[],"startAt":1779069092032,"status":"passed","title":"also resolves when the first live agent update arrives before CONNECTED"},{"ancestorTitles":["WebSocket lifecycle"],"duration":80,"failing":false,"failureDetails":[],"failureMessages":[],"fullName":"WebSocket lifecycle rejects when the websocket errors before it is established","invocations":1,"location":null,"numPassingAsserts":1,"retryReasons":[],"startAt":1779069092050,"status":"passed","title":"rejects when the websocket errors before it is established"},{"ancestorTitles":["WebSocket lifecycle"],"duration":11,"failing":false,"failureDetails":[],"failureMessages":[],"fullName":"WebSocket lifecycle rejects with server close reason before the handshake completes","invocations":1,"location":null,"numPassingAsserts":1,"retryReasons":[],"startAt":1779069092130,"status":"passed","title":"rejects with server close reason before the handshake completes"},{"ancestorTitles":["report polling contract"],"duration":9,"failing":false,"failureDetails":[],"failureMessages":[],"fullName":"report polling contract returns in-progress while the report is still compiling","invocations":1,"location":null,"numPassingAsserts":1,"retryReasons":[],"startAt":1779069092142,"status":"passed","title":"returns in-progress while the report is still compiling"},{"ancestorTitles":["report polling contract"],"duration":15,"failing":false,"failureDetails":[],"failureMessages":[],"fullName":"report polling contract returns a finished report payload when compilation completes","invocations":1,"location":null,"numPassingAsserts":2,"retryReasons":[],"startAt":1779069092153,"status":"passed","title":"returns a finished report payload when compilation completes"},{"ancestorTitles":["WebSocket phase guard behavior"],"duration":3,"failing":false,"failureDetails":[],"failureMessages":[],"fullName":"WebSocket phase guard behavior ignores message with different session_id","invocations":1,"location":null,"numPassingAsserts":1,"retryReasons":[],"startAt":1779069092169,"status":"passed","title":"ignores message with different session_id"},{"ancestorTitles":["WebSocket phase guard behavior"],"duration":7,"failing":false,"failureDetails":[],"failureMessages":[],"fullName":"WebSocket phase guard behavior ignores initial AGENT_COMPLETE after deep phase starts","invocations":1,"location":null,"numPassingAsserts":1,"retryReasons":[],"startAt":1779069092174,"status":"passed","title":"ignores initial AGENT_COMPLETE after deep phase starts"},{"ancestorTitles":["WebSocket phase guard behavior"],"duration":4,"failing":false,"failureDetails":[],"failureMessages":[],"fullName":"WebSocket phase guard behavior ignores deep-phase AGENT_COMPLETE during initial analysis","invocations":1,"location":null,"numPassingAsserts":1,"retryReasons":[],"startAt":1779069092182,"status":"passed","title":"ignores deep-phase AGENT_COMPLETE during initial analysis"},{"ancestorTitles":["WebSocket phase guard behavior"],"duration":9,"failing":false,"failureDetails":[],"failureMessages":[],"fullName":"WebSocket phase guard behavior handles ERROR event","invocations":1,"location":null,"numPassingAsserts":1,"retryReasons":[],"startAt":1779069092186,"status":"passed","title":"handles ERROR event"}],"endTime":1779069092202,"message":"","name":"D:\\Forensic Council\\apps\\web\\tests\\unit\\lib\\websocket_flow.test.ts","startTime":1779069090870,"status":"passed","summary":""},{"assertionResults":[{"ancestorTitles":["createLiveSocket — return shape"],"duration":144,"failing":false,"failureDetails":[],"failureMessages":[],"fullName":"createLiveSocket — return shape returns an object with ws and connected keys","invocations":1,"location":null,"numPassingAsserts":2,"retryReasons":[],"startAt":1779069092250,"status":"passed","title":"returns an object with ws and connected keys"},{"ancestorTitles":["createLiveSocket — return shape"],"duration":43,"failing":false,"failureDetails":[],"failureMessages":[],"fullName":"createLiveSocket — return shape ws is a MockWS instance","invocations":1,"location":null,"numPassingAsserts":1,"retryReasons":[],"startAt":1779069092405,"status":"passed","title":"ws is a MockWS instance"},{"ancestorTitles":["createLiveSocket — return shape"],"duration":38,"failing":false,"failureDetails":[],"failureMessages":[],"fullName":"createLiveSocket — return shape connected is a Promise","invocations":1,"location":null,"numPassingAsserts":1,"retryReasons":[],"startAt":1779069092449,"status":"passed","title":"connected is a Promise"},{"ancestorTitles":["createLiveSocket — URL"],"duration":31,"failing":false,"failureDetails":[],"failureMessages":[],"fullName":"createLiveSocket — URL includes session ID in WebSocket URL","invocations":1,"location":null,"numPassingAsserts":1,"retryReasons":[],"startAt":1779069092488,"status":"passed","title":"includes session ID in WebSocket URL"},{"ancestorTitles":["createLiveSocket — URL"],"duration":13,"failing":false,"failureDetails":[],"failureMessages":[],"fullName":"createLiveSocket — URL URL uses ws:// or wss:// scheme","invocations":1,"location":null,"numPassingAsserts":1,"retryReasons":[],"startAt":1779069092519,"status":"passed","title":"URL uses ws:// or wss:// scheme"},{"ancestorTitles":["createLiveSocket — URL"],"duration":22,"failing":false,"failureDetails":[],"failureMessages":[],"fullName":"createLiveSocket — URL URL includes /live path segment","invocations":1,"location":null,"numPassingAsserts":1,"retryReasons":[],"startAt":1779069092540,"status":"passed","title":"URL includes /live path segment"},{"ancestorTitles":["createLiveSocket — URL"],"duration":29,"failing":false,"failureDetails":[],"failureMessages":[],"fullName":"createLiveSocket — URL URL includes sessions prefix","invocations":1,"location":null,"numPassingAsserts":1,"retryReasons":[],"startAt":1779069092563,"status":"passed","title":"URL includes sessions prefix"},{"ancestorTitles":["createLiveSocket — protocols"],"duration":23,"failing":false,"failureDetails":[],"failureMessages":[],"fullName":"createLiveSocket — protocols includes forensic-v1 protocol","invocations":1,"location":null,"numPassingAsserts":1,"retryReasons":[],"startAt":1779069092593,"status":"passed","title":"includes forensic-v1 protocol"},{"ancestorTitles":["createLiveSocket — connected promise"],"duration":41,"failing":false,"failureDetails":[],"failureMessages":[],"fullName":"createLiveSocket — connected promise resolves when CONNECTED message received","invocations":1,"location":null,"numPassingAsserts":1,"retryReasons":[],"startAt":1779069092616,"status":"passed","title":"resolves when CONNECTED message received"},{"ancestorTitles":["createLiveSocket — connected promise"],"duration":174,"failing":false,"failureDetails":[],"failureMessages":[],"fullName":"createLiveSocket — connected promise rejects on WebSocket error","invocations":1,"location":null,"numPassingAsserts":1,"retryReasons":[],"startAt":1779069092664,"status":"passed","title":"rejects on WebSocket error"},{"ancestorTitles":["createLiveSocket — connected promise"],"duration":95,"failing":false,"failureDetails":[],"failureMessages":[],"fullName":"createLiveSocket — connected promise rejects after 20s connection timeout","invocations":1,"location":null,"numPassingAsserts":1,"retryReasons":[],"startAt":1779069092839,"status":"passed","title":"rejects after 20s connection timeout"},{"ancestorTitles":["createLiveSocket — connected promise"],"duration":23,"failing":false,"failureDetails":[],"failureMessages":[],"fullName":"createLiveSocket — connected promise does not throw on double rejection","invocations":1,"location":null,"numPassingAsserts":1,"retryReasons":[],"startAt":1779069092934,"status":"passed","title":"does not throw on double rejection"},{"ancestorTitles":["createLiveSocket — close"],"duration":8,"failing":false,"failureDetails":[],"failureMessages":[],"fullName":"createLiveSocket — close ws.close() is callable without error","invocations":1,"location":null,"numPassingAsserts":1,"retryReasons":[],"startAt":1779069092958,"status":"passed","title":"ws.close() is callable without error"},{"ancestorTitles":["createLiveSocket — close"],"duration":17,"failing":false,"failureDetails":[],"failureMessages":[],"fullName":"createLiveSocket — close onclose fires when simulateClose called","invocations":1,"location":null,"numPassingAsserts":1,"retryReasons":[],"startAt":1779069092966,"status":"passed","title":"onclose fires when simulateClose called"},{"ancestorTitles":["WS message payload shapes"],"duration":3,"failing":false,"failureDetails":[],"failureMessages":[],"fullName":"WS message payload shapes Agent1 matches expected agent ID pattern","invocations":1,"location":null,"numPassingAsserts":1,"retryReasons":[],"startAt":1779069092986,"status":"passed","title":"Agent1 matches expected agent ID pattern"},{"ancestorTitles":["WS message payload shapes"],"duration":2,"failing":false,"failureDetails":[],"failureMessages":[],"fullName":"WS message payload shapes Agent2 matches expected agent ID pattern","invocations":1,"location":null,"numPassingAsserts":1,"retryReasons":[],"startAt":1779069092998,"status":"passed","title":"Agent2 matches expected agent ID pattern"},{"ancestorTitles":["WS message payload shapes"],"duration":2,"failing":false,"failureDetails":[],"failureMessages":[],"fullName":"WS message payload shapes Agent3 matches expected agent ID pattern","invocations":1,"location":null,"numPassingAsserts":1,"retryReasons":[],"startAt":1779069093003,"status":"passed","title":"Agent3 matches expected agent ID pattern"},{"ancestorTitles":["WS message payload shapes"],"duration":9,"failing":false,"failureDetails":[],"failureMessages":[],"fullName":"WS message payload shapes Agent4 matches expected agent ID pattern","invocations":1,"location":null,"numPassingAsserts":1,"retryReasons":[],"startAt":1779069093005,"status":"passed","title":"Agent4 matches expected agent ID pattern"},{"ancestorTitles":["WS message payload shapes"],"duration":9,"failing":false,"failureDetails":[],"failureMessages":[],"fullName":"WS message payload shapes Agent5 matches expected agent ID pattern","invocations":1,"location":null,"numPassingAsserts":1,"retryReasons":[],"startAt":1779069093015,"status":"passed","title":"Agent5 matches expected agent ID pattern"},{"ancestorTitles":["WS message payload shapes"],"duration":11,"failing":false,"failureDetails":[],"failureMessages":[],"fullName":"WS message payload shapes AGENT_UPDATE payload has required fields","invocations":1,"location":null,"numPassingAsserts":3,"retryReasons":[],"startAt":1779069093025,"status":"passed","title":"AGENT_UPDATE payload has required fields"},{"ancestorTitles":["WS message payload shapes"],"duration":6,"failing":false,"failureDetails":[],"failureMessages":[],"fullName":"WS message payload shapes AGENT_COMPLETE payload has confidence in [0,1]","invocations":1,"location":null,"numPassingAsserts":2,"retryReasons":[],"startAt":1779069093036,"status":"passed","title":"AGENT_COMPLETE payload has confidence in [0,1]"},{"ancestorTitles":["WS message payload shapes"],"duration":7,"failing":false,"failureDetails":[],"failureMessages":[],"fullName":"WS message payload shapes HITL_CHECKPOINT payload has checkpoint_id","invocations":1,"location":null,"numPassingAsserts":1,"retryReasons":[],"startAt":1779069093042,"status":"passed","title":"HITL_CHECKPOINT payload has checkpoint_id"},{"ancestorTitles":["WS message payload shapes"],"duration":5,"failing":false,"failureDetails":[],"failureMessages":[],"fullName":"WS message payload shapes INVESTIGATION_COMPLETE payload has report_available","invocations":1,"location":null,"numPassingAsserts":1,"retryReasons":[],"startAt":1779069093049,"status":"passed","title":"INVESTIGATION_COMPLETE payload has report_available"},{"ancestorTitles":["WS message payload shapes"],"duration":5,"failing":false,"failureDetails":[],"failureMessages":[],"fullName":"WS message payload shapes ERROR payload has message field","invocations":1,"location":null,"numPassingAsserts":2,"retryReasons":[],"startAt":1779069093054,"status":"passed","title":"ERROR payload has message field"}],"endTime":1779069093070,"message":"","name":"D:\\Forensic Council\\apps\\web\\tests\\unit\\lib\\sse.test.ts","startTime":1779069091351,"status":"passed","summary":""},{"assertionResults":[{"ancestorTitles":["useSimulation Hook"],"duration":162,"failing":false,"failureDetails":[],"failureMessages":[],"fullName":"useSimulation Hook initializes with idle status","invocations":1,"location":null,"numPassingAsserts":2,"retryReasons":[],"startAt":1779069091992,"status":"passed","title":"initializes with idle status"},{"ancestorTitles":["useSimulation Hook"],"duration":443,"failing":false,"failureDetails":[],"failureMessages":[],"fullName":"useSimulation Hook connectWebSocket establishes a connection","invocations":1,"location":null,"numPassingAsserts":2,"retryReasons":[],"startAt":1779069092156,"status":"passed","title":"connectWebSocket establishes a connection"},{"ancestorTitles":["useSimulation Hook"],"duration":237,"failing":false,"failureDetails":[],"failureMessages":[],"fullName":"useSimulation Hook processes AGENT_UPDATE messages","invocations":1,"location":null,"numPassingAsserts":3,"retryReasons":[],"startAt":1779069092599,"status":"passed","title":"processes AGENT_UPDATE messages"},{"ancestorTitles":["useSimulation Hook"],"duration":113,"failing":false,"failureDetails":[],"failureMessages":[],"fullName":"useSimulation Hook processes AGENT_COMPLETE messages","invocations":1,"location":null,"numPassingAsserts":4,"retryReasons":[],"startAt":1779069092846,"status":"passed","title":"processes AGENT_COMPLETE messages"},{"ancestorTitles":["useSimulation Hook"],"duration":59,"failing":false,"failureDetails":[],"failureMessages":[],"fullName":"useSimulation Hook marks skipped agents as terminal live updates immediately","invocations":1,"location":null,"numPassingAsserts":3,"retryReasons":[],"startAt":1779069092960,"status":"passed","title":"marks skipped agents as terminal live updates immediately"},{"ancestorTitles":["useSimulation Hook"],"duration":127,"failing":false,"failureDetails":[],"failureMessages":[],"fullName":"useSimulation Hook processes HITL_CHECKPOINT messages","invocations":1,"location":null,"numPassingAsserts":2,"retryReasons":[],"startAt":1779069093020,"status":"passed","title":"processes HITL_CHECKPOINT messages"},{"ancestorTitles":["useSimulation Hook"],"duration":165,"failing":false,"failureDetails":[],"failureMessages":[],"fullName":"useSimulation Hook handles errors and sets error status","invocations":1,"location":null,"numPassingAsserts":2,"retryReasons":[],"startAt":1779069093153,"status":"passed","title":"handles errors and sets error status"}],"endTime":1779069093334,"message":"","name":"D:\\Forensic Council\\apps\\web\\tests\\unit\\hooks\\useSimulation.test.ts","startTime":1779069085937,"status":"passed","summary":""},{"assertionResults":[{"ancestorTitles":["investigationStorage","clearInvestigationPersistence"],"duration":17,"failing":false,"failureDetails":[],"failureMessages":[],"fullName":"investigationStorage clearInvestigationPersistence preserves forensic_history when clearing active investigation","invocations":1,"location":null,"numPassingAsserts":1,"retryReasons":[],"startAt":1779069093906,"status":"passed","title":"preserves forensic_history when clearing active investigation"},{"ancestorTitles":["investigationStorage","clearInvestigationPersistence"],"duration":7,"failing":false,"failureDetails":[],"failureMessages":[],"fullName":"investigationStorage clearInvestigationPersistence preserves forensic_investigator_id when clearing active investigation","invocations":1,"location":null,"numPassingAsserts":1,"retryReasons":[],"startAt":1779069093923,"status":"passed","title":"preserves forensic_investigator_id when clearing active investigation"},{"ancestorTitles":["investigationStorage","clearInvestigationPersistence"],"duration":7,"failing":false,"failureDetails":[],"failureMessages":[],"fullName":"investigationStorage clearInvestigationPersistence preserves forensic_auth_token when clearing active investigation","invocations":1,"location":null,"numPassingAsserts":1,"retryReasons":[],"startAt":1779069093936,"status":"passed","title":"preserves forensic_auth_token when clearing active investigation"},{"ancestorTitles":["investigationStorage","clearInvestigationPersistence"],"duration":3,"failing":false,"failureDetails":[],"failureMessages":[],"fullName":"investigationStorage clearInvestigationPersistence preserves forensic_auth_token_expiry when clearing active investigation","invocations":1,"location":null,"numPassingAsserts":1,"retryReasons":[],"startAt":1779069093948,"status":"passed","title":"preserves forensic_auth_token_expiry when clearing active investigation"},{"ancestorTitles":["investigationStorage","clearInvestigationPersistence"],"duration":3,"failing":false,"failureDetails":[],"failureMessages":[],"fullName":"investigationStorage clearInvestigationPersistence removes forensic_session_id","invocations":1,"location":null,"numPassingAsserts":1,"retryReasons":[],"startAt":1779069093951,"status":"passed","title":"removes forensic_session_id"},{"ancestorTitles":["investigationStorage","clearInvestigationPersistence"],"duration":4,"failing":false,"failureDetails":[],"failureMessages":[],"fullName":"investigationStorage clearInvestigationPersistence removes forensic_investigation_ctx","invocations":1,"location":null,"numPassingAsserts":1,"retryReasons":[],"startAt":1779069093955,"status":"passed","title":"removes forensic_investigation_ctx"},{"ancestorTitles":["investigationStorage","clearInvestigationPersistence"],"duration":3,"failing":false,"failureDetails":[],"failureMessages":[],"fullName":"investigationStorage clearInvestigationPersistence removes forensic_initial_agents:{sid}","invocations":1,"location":null,"numPassingAsserts":1,"retryReasons":[],"startAt":1779069093959,"status":"passed","title":"removes forensic_initial_agents:{sid}"},{"ancestorTitles":["investigationStorage","clearInvestigationPersistence"],"duration":2,"failing":false,"failureDetails":[],"failureMessages":[],"fullName":"investigationStorage clearInvestigationPersistence removes forensic_deep_agents:{sid}","invocations":1,"location":null,"numPassingAsserts":1,"retryReasons":[],"startAt":1779069093964,"status":"passed","title":"removes forensic_deep_agents:{sid}"},{"ancestorTitles":["investigationStorage","clearInvestigationPersistence"],"duration":4,"failing":false,"failureDetails":[],"failureMessages":[],"fullName":"investigationStorage clearInvestigationPersistence expires forensic_session_id cookie","invocations":1,"location":null,"numPassingAsserts":1,"retryReasons":[],"startAt":1779069093966,"status":"passed","title":"expires forensic_session_id cookie"},{"ancestorTitles":["investigationStorage","clearInvestigationPersistence"],"duration":3,"failing":false,"failureDetails":[],"failureMessages":[],"fullName":"investigationStorage clearInvestigationPersistence removes session-scoped forensic_investigation_ctx:{sid}","invocations":1,"location":null,"numPassingAsserts":1,"retryReasons":[],"startAt":1779069093971,"status":"passed","title":"removes session-scoped forensic_investigation_ctx:{sid}"},{"ancestorTitles":["investigationStorage","clearAgentSnapshots"],"duration":3,"failing":false,"failureDetails":[],"failureMessages":[],"fullName":"investigationStorage clearAgentSnapshots removes global forensic_initial_agents","invocations":1,"location":null,"numPassingAsserts":1,"retryReasons":[],"startAt":1779069093974,"status":"passed","title":"removes global forensic_initial_agents"},{"ancestorTitles":["investigationStorage","clearAgentSnapshots"],"duration":3,"failing":false,"failureDetails":[],"failureMessages":[],"fullName":"investigationStorage clearAgentSnapshots removes global forensic_deep_agents","invocations":1,"location":null,"numPassingAsserts":1,"retryReasons":[],"startAt":1779069093978,"status":"passed","title":"removes global forensic_deep_agents"},{"ancestorTitles":["investigationStorage","clearAgentSnapshots"],"duration":2,"failing":false,"failureDetails":[],"failureMessages":[],"fullName":"investigationStorage clearAgentSnapshots removes session-scoped agent keys","invocations":1,"location":null,"numPassingAsserts":2,"retryReasons":[],"startAt":1779069093981,"status":"passed","title":"removes session-scoped agent keys"},{"ancestorTitles":["investigationStorage","expireSessionCookie"],"duration":5,"failing":false,"failureDetails":[],"failureMessages":[],"fullName":"investigationStorage expireSessionCookie sets cookie with max-age=0","invocations":1,"location":null,"numPassingAsserts":2,"retryReasons":[],"startAt":1779069093986,"status":"passed","title":"sets cookie with max-age=0"}],"endTime":1779069093999,"message":"","name":"D:\\Forensic Council\\apps\\web\\tests\\unit\\lib\\investigationStorage.test.ts","startTime":1779069092517,"status":"passed","summary":""},{"assertionResults":[{"ancestorTitles":["QuotaMeter"],"duration":1054,"failing":false,"failureDetails":[],"failureMessages":[],"fullName":"QuotaMeter renders correctly with mock data","invocations":1,"location":null,"numPassingAsserts":2,"retryReasons":[],"startAt":1779069092301,"status":"passed","title":"renders correctly with mock data"},{"ancestorTitles":["QuotaMeter"],"duration":164,"failing":false,"failureDetails":[],"failureMessages":[],"fullName":"QuotaMeter shows amber state at 80% usage","invocations":1,"location":null,"numPassingAsserts":1,"retryReasons":[],"startAt":1779069093358,"status":"passed","title":"shows amber state at 80% usage"},{"ancestorTitles":["QuotaMeter"],"duration":103,"failing":false,"failureDetails":[],"failureMessages":[],"fullName":"QuotaMeter shows red/warning state at 100% usage","invocations":1,"location":null,"numPassingAsserts":1,"retryReasons":[],"startAt":1779069093523,"status":"passed","title":"shows red/warning state at 100% usage"},{"ancestorTitles":["QuotaMeter"],"duration":73,"failing":false,"failureDetails":[],"failureMessages":[],"fullName":"QuotaMeter shows \"Data unavailable\" when degraded is true in API response","invocations":1,"location":null,"numPassingAsserts":1,"retryReasons":[],"startAt":1779069093628,"status":"passed","title":"shows \"Data unavailable\" when degraded is true in API response"},{"ancestorTitles":["QuotaMeter"],"duration":20,"failing":false,"failureDetails":[],"failureMessages":[],"fullName":"QuotaMeter renders nothing when enabled is false","invocations":1,"location":null,"numPassingAsserts":1,"retryReasons":[],"startAt":1779069093702,"status":"passed","title":"renders nothing when enabled is false"},{"ancestorTitles":["QuotaMeter"],"duration":12,"failing":false,"failureDetails":[],"failureMessages":[],"fullName":"QuotaMeter renders nothing when sessionId is null","invocations":1,"location":null,"numPassingAsserts":1,"retryReasons":[],"startAt":1779069093725,"status":"passed","title":"renders nothing when sessionId is null"},{"ancestorTitles":["QuotaMeter"],"duration":67,"failing":false,"failureDetails":[],"failureMessages":[],"fullName":"QuotaMeter has aria-label for screen reader access","invocations":1,"location":null,"numPassingAsserts":1,"retryReasons":[],"startAt":1779069093738,"status":"passed","title":"has aria-label for screen reader access"},{"ancestorTitles":["QuotaMeter"],"duration":68,"failing":false,"failureDetails":[],"failureMessages":[],"fullName":"QuotaMeter displays cost estimate in USD","invocations":1,"location":null,"numPassingAsserts":1,"retryReasons":[],"startAt":1779069093806,"status":"passed","title":"displays cost estimate in USD"},{"ancestorTitles":["QuotaMeter"],"duration":88,"failing":false,"failureDetails":[],"failureMessages":[],"fullName":"QuotaMeter displays total API calls count","invocations":1,"location":null,"numPassingAsserts":1,"retryReasons":[],"startAt":1779069093878,"status":"passed","title":"displays total API calls count"},{"ancestorTitles":["QuotaMeter"],"duration":38,"failing":false,"failureDetails":[],"failureMessages":[],"fullName":"QuotaMeter handles fetch error gracefully","invocations":1,"location":null,"numPassingAsserts":1,"retryReasons":[],"startAt":1779069093967,"status":"passed","title":"handles fetch error gracefully"},{"ancestorTitles":["QuotaMeter"],"duration":44,"failing":false,"failureDetails":[],"failureMessages":[],"fullName":"QuotaMeter handles non-OK response status","invocations":1,"location":null,"numPassingAsserts":1,"retryReasons":[],"startAt":1779069094006,"status":"passed","title":"handles non-OK response status"}],"endTime":1779069094066,"message":"","name":"D:\\Forensic Council\\apps\\web\\tests\\unit\\components\\QuotaMeter.test.tsx","startTime":1779069086189,"status":"passed","summary":""},{"assertionResults":[{"ancestorTitles":["Start Page (Home) Structure"],"duration":2244,"failing":false,"failureDetails":[],"failureMessages":[],"fullName":"Start Page (Home) Structure contains a single H1 landmark","invocations":1,"location":null,"numPassingAsserts":1,"retryReasons":[],"startAt":1779069092166,"status":"passed","title":"contains a single H1 landmark"}],"endTime":1779069094421,"message":"","name":"D:\\Forensic Council\\apps\\web\\tests\\accessibility\\pages.test.tsx","startTime":1779069086174,"status":"passed","summary":""},{"assertionResults":[{"ancestorTitles":["Storage Abstraction"],"duration":12,"failing":false,"failureDetails":[],"failureMessages":[],"fullName":"Storage Abstraction persistentStorage sets and gets values","invocations":1,"location":null,"numPassingAsserts":1,"retryReasons":[],"startAt":1779069094537,"status":"passed","title":"persistentStorage sets and gets values"},{"ancestorTitles":["Storage Abstraction"],"duration":3,"failing":false,"failureDetails":[],"failureMessages":[],"fullName":"Storage Abstraction sessionOnlyStorage sets and gets values","invocations":1,"location":null,"numPassingAsserts":1,"retryReasons":[],"startAt":1779069094549,"status":"passed","title":"sessionOnlyStorage sets and gets values"},{"ancestorTitles":["Storage Abstraction"],"duration":4,"failing":false,"failureDetails":[],"failureMessages":[],"fullName":"Storage Abstraction persistentStorage removes values","invocations":1,"location":null,"numPassingAsserts":1,"retryReasons":[],"startAt":1779069094552,"status":"passed","title":"persistentStorage removes values"},{"ancestorTitles":["Storage Abstraction"],"duration":5,"failing":false,"failureDetails":[],"failureMessages":[],"fullName":"Storage Abstraction persistentStorage returns null for missing key","invocations":1,"location":null,"numPassingAsserts":1,"retryReasons":[],"startAt":1779069094557,"status":"passed","title":"persistentStorage returns null for missing key"}],"endTime":1779069094566,"message":"","name":"D:\\Forensic Council\\apps\\web\\tests\\storage.test.ts","startTime":1779069093483,"status":"passed","summary":""},{"assertionResults":[{"ancestorTitles":["AgentResultSchema","valid inputs"],"duration":17,"failing":false,"failureDetails":[],"failureMessages":[],"fullName":"AgentResultSchema valid inputs accepts minimal valid agent","invocations":1,"location":null,"numPassingAsserts":1,"retryReasons":[],"startAt":1779069094214,"status":"passed","title":"accepts minimal valid agent"},{"ancestorTitles":["AgentResultSchema","valid inputs"],"duration":5,"failing":false,"failureDetails":[],"failureMessages":[],"fullName":"AgentResultSchema valid inputs accepts optional thinking field","invocations":1,"location":null,"numPassingAsserts":1,"retryReasons":[],"startAt":1779069094232,"status":"passed","title":"accepts optional thinking field"},{"ancestorTitles":["AgentResultSchema","valid inputs"],"duration":6,"failing":false,"failureDetails":[],"failureMessages":[],"fullName":"AgentResultSchema valid inputs accepts optional metadata field","invocations":1,"location":null,"numPassingAsserts":1,"retryReasons":[],"startAt":1779069094238,"status":"passed","title":"accepts optional metadata field"},{"ancestorTitles":["AgentResultSchema","valid inputs"],"duration":4,"failing":false,"failureDetails":[],"failureMessages":[],"fullName":"AgentResultSchema valid inputs accepts confidence = 0 (boundary)","invocations":1,"location":null,"numPassingAsserts":1,"retryReasons":[],"startAt":1779069094245,"status":"passed","title":"accepts confidence = 0 (boundary)"},{"ancestorTitles":["AgentResultSchema","valid inputs"],"duration":4,"failing":false,"failureDetails":[],"failureMessages":[],"fullName":"AgentResultSchema valid inputs accepts confidence = 1 (boundary)","invocations":1,"location":null,"numPassingAsserts":1,"retryReasons":[],"startAt":1779069094250,"status":"passed","title":"accepts confidence = 1 (boundary)"},{"ancestorTitles":["AgentResultSchema","valid inputs"],"duration":4,"failing":false,"failureDetails":[],"failureMessages":[],"fullName":"AgentResultSchema valid inputs accepts negative confidence (schema allows any number)","invocations":1,"location":null,"numPassingAsserts":1,"retryReasons":[],"startAt":1779069094255,"status":"passed","title":"accepts negative confidence (schema allows any number)"},{"ancestorTitles":["AgentResultSchema","valid inputs"],"duration":4,"failing":false,"failureDetails":[],"failureMessages":[],"fullName":"AgentResultSchema valid inputs accepts confidence > 1 (schema allows any number)","invocations":1,"location":null,"numPassingAsserts":1,"retryReasons":[],"startAt":1779069094260,"status":"passed","title":"accepts confidence > 1 (schema allows any number)"},{"ancestorTitles":["AgentResultSchema","valid inputs"],"duration":3,"failing":false,"failureDetails":[],"failureMessages":[],"fullName":"AgentResultSchema valid inputs preserves parsed data faithfully","invocations":1,"location":null,"numPassingAsserts":2,"retryReasons":[],"startAt":1779069094265,"status":"passed","title":"preserves parsed data faithfully"},{"ancestorTitles":["AgentResultSchema","invalid inputs"],"duration":4,"failing":false,"failureDetails":[],"failureMessages":[],"fullName":"AgentResultSchema invalid inputs rejects missing id","invocations":1,"location":null,"numPassingAsserts":1,"retryReasons":[],"startAt":1779069094269,"status":"passed","title":"rejects missing id"},{"ancestorTitles":["AgentResultSchema","invalid inputs"],"duration":3,"failing":false,"failureDetails":[],"failureMessages":[],"fullName":"AgentResultSchema invalid inputs rejects missing name","invocations":1,"location":null,"numPassingAsserts":1,"retryReasons":[],"startAt":1779069094274,"status":"passed","title":"rejects missing name"},{"ancestorTitles":["AgentResultSchema","invalid inputs"],"duration":5,"failing":false,"failureDetails":[],"failureMessages":[],"fullName":"AgentResultSchema invalid inputs rejects missing role","invocations":1,"location":null,"numPassingAsserts":1,"retryReasons":[],"startAt":1779069094277,"status":"passed","title":"rejects missing role"},{"ancestorTitles":["AgentResultSchema","invalid inputs"],"duration":4,"failing":false,"failureDetails":[],"failureMessages":[],"fullName":"AgentResultSchema invalid inputs rejects missing result","invocations":1,"location":null,"numPassingAsserts":1,"retryReasons":[],"startAt":1779069094282,"status":"passed","title":"rejects missing result"},{"ancestorTitles":["AgentResultSchema","invalid inputs"],"duration":9,"failing":false,"failureDetails":[],"failureMessages":[],"fullName":"AgentResultSchema invalid inputs rejects missing confidence","invocations":1,"location":null,"numPassingAsserts":1,"retryReasons":[],"startAt":1779069094288,"status":"passed","title":"rejects missing confidence"},{"ancestorTitles":["AgentResultSchema","invalid inputs"],"duration":3,"failing":false,"failureDetails":[],"failureMessages":[],"fullName":"AgentResultSchema invalid inputs rejects non-numeric confidence","invocations":1,"location":null,"numPassingAsserts":1,"retryReasons":[],"startAt":1779069094298,"status":"passed","title":"rejects non-numeric confidence"},{"ancestorTitles":["AgentResultSchema","invalid inputs"],"duration":1,"failing":false,"failureDetails":[],"failureMessages":[],"fullName":"AgentResultSchema invalid inputs rejects null input","invocations":1,"location":null,"numPassingAsserts":1,"retryReasons":[],"startAt":1779069094301,"status":"passed","title":"rejects null input"},{"ancestorTitles":["AgentResultSchema","invalid inputs"],"duration":3,"failing":false,"failureDetails":[],"failureMessages":[],"fullName":"AgentResultSchema invalid inputs rejects array input","invocations":1,"location":null,"numPassingAsserts":1,"retryReasons":[],"startAt":1779069094302,"status":"passed","title":"rejects array input"},{"ancestorTitles":["ReportSchema","valid inputs"],"duration":3,"failing":false,"failureDetails":[],"failureMessages":[],"fullName":"ReportSchema valid inputs accepts valid report with one agent","invocations":1,"location":null,"numPassingAsserts":1,"retryReasons":[],"startAt":1779069094306,"status":"passed","title":"accepts valid report with one agent"},{"ancestorTitles":["ReportSchema","valid inputs"],"duration":1,"failing":false,"failureDetails":[],"failureMessages":[],"fullName":"ReportSchema valid inputs accepts report with empty agents array","invocations":1,"location":null,"numPassingAsserts":1,"retryReasons":[],"startAt":1779069094309,"status":"passed","title":"accepts report with empty agents array"},{"ancestorTitles":["ReportSchema","valid inputs"],"duration":4,"failing":false,"failureDetails":[],"failureMessages":[],"fullName":"ReportSchema valid inputs accepts report with multiple agents","invocations":1,"location":null,"numPassingAsserts":2,"retryReasons":[],"startAt":1779069094311,"status":"passed","title":"accepts report with multiple agents"},{"ancestorTitles":["ReportSchema","valid inputs"],"duration":9,"failing":false,"failureDetails":[],"failureMessages":[],"fullName":"ReportSchema valid inputs accepts agent with optional thinking in agents array","invocations":1,"location":null,"numPassingAsserts":1,"retryReasons":[],"startAt":1779069094316,"status":"passed","title":"accepts agent with optional thinking in agents array"},{"ancestorTitles":["ReportSchema","valid inputs"],"duration":6,"failing":false,"failureDetails":[],"failureMessages":[],"fullName":"ReportSchema valid inputs preserves summary faithfully","invocations":1,"location":null,"numPassingAsserts":1,"retryReasons":[],"startAt":1779069094326,"status":"passed","title":"preserves summary faithfully"},{"ancestorTitles":["ReportSchema","invalid inputs"],"duration":6,"failing":false,"failureDetails":[],"failureMessages":[],"fullName":"ReportSchema invalid inputs rejects missing id","invocations":1,"location":null,"numPassingAsserts":1,"retryReasons":[],"startAt":1779069094332,"status":"passed","title":"rejects missing id"},{"ancestorTitles":["ReportSchema","invalid inputs"],"duration":4,"failing":false,"failureDetails":[],"failureMessages":[],"fullName":"ReportSchema invalid inputs rejects missing fileName","invocations":1,"location":null,"numPassingAsserts":1,"retryReasons":[],"startAt":1779069094338,"status":"passed","title":"rejects missing fileName"},{"ancestorTitles":["ReportSchema","invalid inputs"],"duration":5,"failing":false,"failureDetails":[],"failureMessages":[],"fullName":"ReportSchema invalid inputs rejects missing timestamp","invocations":1,"location":null,"numPassingAsserts":1,"retryReasons":[],"startAt":1779069094343,"status":"passed","title":"rejects missing timestamp"},{"ancestorTitles":["ReportSchema","invalid inputs"],"duration":2,"failing":false,"failureDetails":[],"failureMessages":[],"fullName":"ReportSchema invalid inputs rejects missing summary","invocations":1,"location":null,"numPassingAsserts":1,"retryReasons":[],"startAt":1779069094348,"status":"passed","title":"rejects missing summary"},{"ancestorTitles":["ReportSchema","invalid inputs"],"duration":1,"failing":false,"failureDetails":[],"failureMessages":[],"fullName":"ReportSchema invalid inputs rejects missing agents","invocations":1,"location":null,"numPassingAsserts":1,"retryReasons":[],"startAt":1779069094350,"status":"passed","title":"rejects missing agents"},{"ancestorTitles":["ReportSchema","invalid inputs"],"duration":3,"failing":false,"failureDetails":[],"failureMessages":[],"fullName":"ReportSchema invalid inputs rejects agents as non-array","invocations":1,"location":null,"numPassingAsserts":1,"retryReasons":[],"startAt":1779069094351,"status":"passed","title":"rejects agents as non-array"},{"ancestorTitles":["ReportSchema","invalid inputs"],"duration":1,"failing":false,"failureDetails":[],"failureMessages":[],"fullName":"ReportSchema invalid inputs rejects invalid agent inside agents array","invocations":1,"location":null,"numPassingAsserts":1,"retryReasons":[],"startAt":1779069094355,"status":"passed","title":"rejects invalid agent inside agents array"},{"ancestorTitles":["ReportSchema","invalid inputs"],"duration":1,"failing":false,"failureDetails":[],"failureMessages":[],"fullName":"ReportSchema invalid inputs rejects numeric timestamp","invocations":1,"location":null,"numPassingAsserts":1,"retryReasons":[],"startAt":1779069094358,"status":"passed","title":"rejects numeric timestamp"},{"ancestorTitles":["ReportSchema","invalid inputs"],"duration":1,"failing":false,"failureDetails":[],"failureMessages":[],"fullName":"ReportSchema invalid inputs rejects null","invocations":1,"location":null,"numPassingAsserts":1,"retryReasons":[],"startAt":1779069094359,"status":"passed","title":"rejects null"},{"ancestorTitles":["HistorySchema"],"duration":4,"failing":false,"failureDetails":[],"failureMessages":[],"fullName":"HistorySchema accepts empty array","invocations":1,"location":null,"numPassingAsserts":1,"retryReasons":[],"startAt":1779069094360,"status":"passed","title":"accepts empty array"},{"ancestorTitles":["HistorySchema"],"duration":5,"failing":false,"failureDetails":[],"failureMessages":[],"fullName":"HistorySchema accepts array of one report","invocations":1,"location":null,"numPassingAsserts":2,"retryReasons":[],"startAt":1779069094364,"status":"passed","title":"accepts array of one report"},{"ancestorTitles":["HistorySchema"],"duration":9,"failing":false,"failureDetails":[],"failureMessages":[],"fullName":"HistorySchema accepts array of many reports","invocations":1,"location":null,"numPassingAsserts":2,"retryReasons":[],"startAt":1779069094369,"status":"passed","title":"accepts array of many reports"},{"ancestorTitles":["HistorySchema"],"duration":4,"failing":false,"failureDetails":[],"failureMessages":[],"fullName":"HistorySchema rejects non-array (object)","invocations":1,"location":null,"numPassingAsserts":1,"retryReasons":[],"startAt":1779069094379,"status":"passed","title":"rejects non-array (object)"},{"ancestorTitles":["HistorySchema"],"duration":0,"failing":false,"failureDetails":[],"failureMessages":[],"fullName":"HistorySchema rejects non-array (null)","invocations":1,"location":null,"numPassingAsserts":1,"retryReasons":[],"startAt":1779069094383,"status":"passed","title":"rejects non-array (null)"},{"ancestorTitles":["HistorySchema"],"duration":0,"failing":false,"failureDetails":[],"failureMessages":[],"fullName":"HistorySchema rejects non-array (string)","invocations":1,"location":null,"numPassingAsserts":1,"retryReasons":[],"startAt":1779069094384,"status":"passed","title":"rejects non-array (string)"},{"ancestorTitles":["HistorySchema"],"duration":7,"failing":false,"failureDetails":[],"failureMessages":[],"fullName":"HistorySchema rejects array containing invalid report","invocations":1,"location":null,"numPassingAsserts":1,"retryReasons":[],"startAt":1779069094384,"status":"passed","title":"rejects array containing invalid report"},{"ancestorTitles":["HistorySchema"],"duration":5,"failing":false,"failureDetails":[],"failureMessages":[],"fullName":"HistorySchema rejects mixed valid/invalid reports","invocations":1,"location":null,"numPassingAsserts":1,"retryReasons":[],"startAt":1779069094394,"status":"passed","title":"rejects mixed valid/invalid reports"},{"ancestorTitles":["cn() — Tailwind class merger"],"duration":36,"failing":false,"failureDetails":[],"failureMessages":[],"fullName":"cn() — Tailwind class merger returns empty string with no args","invocations":1,"location":null,"numPassingAsserts":1,"retryReasons":[],"startAt":1779069094399,"status":"passed","title":"returns empty string with no args"},{"ancestorTitles":["cn() — Tailwind class merger"],"duration":1,"failing":false,"failureDetails":[],"failureMessages":[],"fullName":"cn() — Tailwind class merger merges two class strings","invocations":1,"location":null,"numPassingAsserts":1,"retryReasons":[],"startAt":1779069094435,"status":"passed","title":"merges two class strings"},{"ancestorTitles":["cn() — Tailwind class merger"],"duration":0,"failing":false,"failureDetails":[],"failureMessages":[],"fullName":"cn() — Tailwind class merger handles conditional false","invocations":1,"location":null,"numPassingAsserts":1,"retryReasons":[],"startAt":1779069094438,"status":"passed","title":"handles conditional false"},{"ancestorTitles":["cn() — Tailwind class merger"],"duration":0,"failing":false,"failureDetails":[],"failureMessages":[],"fullName":"cn() — Tailwind class merger handles conditional null","invocations":1,"location":null,"numPassingAsserts":1,"retryReasons":[],"startAt":1779069094439,"status":"passed","title":"handles conditional null"},{"ancestorTitles":["cn() — Tailwind class merger"],"duration":5,"failing":false,"failureDetails":[],"failureMessages":[],"fullName":"cn() — Tailwind class merger handles conditi
[...]
ovides text feedback (Compiling Report)","invocations":1,"location":null,"numPassingAsserts":1,"retryReasons":[],"startAt":1779069095342,"status":"passed","title":"arbiter navigation state provides text feedback (Compiling Report)"},{"ancestorTitles":["Loading State Accessibility"],"duration":156,"failing":false,"failureDetails":[],"failureMessages":[],"fullName":"Loading State Accessibility navigation buttons carry disabled attribute when isNavigating","invocations":1,"location":null,"numPassingAsserts":1,"retryReasons":[],"startAt":1779069095482,"status":"passed","title":"navigation buttons carry disabled attribute when isNavigating"},{"ancestorTitles":["Focus Management"],"duration":196,"failing":false,"failureDetails":[],"failureMessages":[],"fullName":"Focus Management focused button remains focused after non-destructive state update","invocations":1,"location":null,"numPassingAsserts":2,"retryReasons":[],"startAt":1779069095638,"status":"passed","title":"focused button remains focused after non-destructive state update"},{"ancestorTitles":["No Color-Only Information"],"duration":75,"failing":false,"failureDetails":[],"failureMessages":[],"fullName":"No Color-Only Information agent completion is conveyed by text, not just color","invocations":1,"location":null,"numPassingAsserts":1,"retryReasons":[],"startAt":1779069095835,"status":"passed","title":"agent completion is conveyed by text, not just color"},{"ancestorTitles":["No Color-Only Information"],"duration":83,"failing":false,"failureDetails":[],"failureMessages":[],"fullName":"No Color-Only Information phase label is text-based","invocations":1,"location":null,"numPassingAsserts":1,"retryReasons":[],"startAt":1779069095910,"status":"passed","title":"phase label is text-based"},{"ancestorTitles":["Document Structure"],"duration":62,"failing":false,"failureDetails":[],"failureMessages":[],"fullName":"Document Structure agent progress display has meaningful heading or landmark","invocations":1,"location":null,"numPassingAsserts":1,"retryReasons":[],"startAt":1779069095994,"status":"passed","title":"agent progress display has meaningful heading or landmark"}],"endTime":1779069096063,"message":"","name":"D:\\Forensic Council\\apps\\web\\tests\\accessibility\\accessibility.test.tsx","startTime":1779069086143,"status":"passed","summary":""},{"assertionResults":[{"ancestorTitles":["AgentProgressDisplay","default rendering"],"duration":1180,"failing":false,"failureDetails":[],"failureMessages":[],"fullName":"AgentProgressDisplay default rendering renders without crashing","invocations":1,"location":null,"numPassingAsserts":1,"retryReasons":[],"startAt":1779069092332,"status":"passed","title":"renders without crashing"},{"ancestorTitles":["AgentProgressDisplay","default rendering"],"duration":371,"failing":false,"failureDetails":[],"failureMessages":[],"fullName":"AgentProgressDisplay default rendering shows progressText","invocations":1,"location":null,"numPassingAsserts":1,"retryReasons":[],"startAt":1779069093518,"status":"passed","title":"shows progressText"},{"ancestorTitles":["AgentProgressDisplay","default rendering"],"duration":591,"failing":false,"failureDetails":[],"failureMessages":[],"fullName":"AgentProgressDisplay default rendering does not show decision buttons when awaitingDecision=false","invocations":1,"location":null,"numPassingAsserts":1,"retryReasons":[],"startAt":1779069093892,"status":"passed","title":"does not show decision buttons when awaitingDecision=false"},{"ancestorTitles":["AgentProgressDisplay","awaiting decision state"],"duration":317,"failing":false,"failureDetails":[],"failureMessages":[],"fullName":"AgentProgressDisplay awaiting decision state shows Accept Analysis button","invocations":1,"location":null,"numPassingAsserts":1,"retryReasons":[],"startAt":1779069094485,"status":"passed","title":"shows Accept Analysis button"},{"ancestorTitles":["AgentProgressDisplay","awaiting decision state"],"duration":191,"failing":false,"failureDetails":[],"failureMessages":[],"fullName":"AgentProgressDisplay awaiting decision state shows Deep Analysis button","invocations":1,"location":null,"numPassingAsserts":1,"retryReasons":[],"startAt":1779069094802,"status":"passed","title":"shows Deep Analysis button"},{"ancestorTitles":["AgentProgressDisplay","awaiting decision state"],"duration":332,"failing":false,"failureDetails":[],"failureMessages":[],"fullName":"AgentProgressDisplay awaiting decision state shows New Investigation button only after deep phase","invocations":1,"location":null,"numPassingAsserts":2,"retryReasons":[],"startAt":1779069094994,"status":"passed","title":"shows New Investigation button only after deep phase"},{"ancestorTitles":["AgentProgressDisplay","awaiting decision state"],"duration":162,"failing":false,"failureDetails":[],"failureMessages":[],"fullName":"AgentProgressDisplay awaiting decision state calls onAcceptAnalysis on click","invocations":1,"location":null,"numPassingAsserts":1,"retryReasons":[],"startAt":1779069095326,"status":"passed","title":"calls onAcceptAnalysis on click"},{"ancestorTitles":["AgentProgressDisplay","awaiting decision state"],"duration":195,"failing":false,"failureDetails":[],"failureMessages":[],"fullName":"AgentProgressDisplay awaiting decision state calls onRunDeepAnalysis on click","invocations":1,"location":null,"numPassingAsserts":1,"retryReasons":[],"startAt":1779069095489,"status":"passed","title":"calls onRunDeepAnalysis on click"},{"ancestorTitles":["AgentProgressDisplay","awaiting decision state"],"duration":129,"failing":false,"failureDetails":[],"failureMessages":[],"fullName":"AgentProgressDisplay awaiting decision state calls onNewUpload on click when in deep complete state","invocations":1,"location":null,"numPassingAsserts":1,"retryReasons":[],"startAt":1779069095684,"status":"passed","title":"calls onNewUpload on click when in deep complete state"},{"ancestorTitles":["AgentProgressDisplay","isNavigating state (arbiter fix)"],"duration":94,"failing":false,"failureDetails":[],"failureMessages":[],"fullName":"AgentProgressDisplay isNavigating state (arbiter fix) disables at least one button when isNavigating","invocations":1,"location":null,"numPassingAsserts":1,"retryReasons":[],"startAt":1779069095814,"status":"passed","title":"disables at least one button when isNavigating"},{"ancestorTitles":["AgentProgressDisplay","isNavigating state (arbiter fix)"],"duration":120,"failing":false,"failureDetails":[],"failureMessages":[],"fullName":"AgentProgressDisplay isNavigating state (arbiter fix) shows navigation status label when in decision phase","invocations":1,"location":null,"numPassingAsserts":1,"retryReasons":[],"startAt":1779069095909,"status":"passed","title":"shows navigation status label when in decision phase"},{"ancestorTitles":["AgentProgressDisplay","isNavigating state (arbiter fix)"],"duration":170,"failing":false,"failureDetails":[],"failureMessages":[],"fullName":"AgentProgressDisplay isNavigating state (arbiter fix) onAcceptAnalysis not called when disabled and clicking","invocations":1,"location":null,"numPassingAsserts":1,"retryReasons":[],"startAt":1779069096029,"status":"passed","title":"onAcceptAnalysis not called when disabled and clicking"},{"ancestorTitles":["AgentProgressDisplay","completed agents display"],"duration":74,"failing":false,"failureDetails":[],"failureMessages":[],"fullName":"AgentProgressDisplay completed agents display shows agent name","invocations":1,"location":null,"numPassingAsserts":1,"retryReasons":[],"startAt":1779069096200,"status":"passed","title":"shows agent name"},{"ancestorTitles":["AgentProgressDisplay","completed agents display"],"duration":79,"failing":false,"failureDetails":[],"failureMessages":[],"fullName":"AgentProgressDisplay completed agents display lets completed data override stale running progress","invocations":1,"location":null,"numPassingAsserts":2,"retryReasons":[],"startAt":1779069096274,"status":"passed","title":"lets completed data override stale running progress"},{"ancestorTitles":["AgentProgressDisplay","completed agents display"],"duration":null,"failing":false,"failureDetails":[],"failureMessages":[],"fullName":"AgentProgressDisplay completed agents display shows skipped unsupported message before the card expires","invocations":1,"location":null,"numPassingAsserts":0,"retryReasons":[],"startAt":1779069096353,"status":"pending","title":"shows skipped unsupported message before the card expires"},{"ancestorTitles":["AgentProgressDisplay","completed agents display"],"duration":116,"failing":false,"failureDetails":[],"failureMessages":[],"fullName":"AgentProgressDisplay completed agents display shows queued cards instead of syncing all agents while waiting for a worker","invocations":1,"location":null,"numPassingAsserts":3,"retryReasons":[],"startAt":1779069096353,"status":"passed","title":"shows queued cards instead of syncing all agents while waiting for a worker"},{"ancestorTitles":["AgentProgressDisplay","phase rendering"],"duration":59,"failing":false,"failureDetails":[],"failureMessages":[],"fullName":"AgentProgressDisplay phase rendering renders deep phase without crash","invocations":1,"location":null,"numPassingAsserts":1,"retryReasons":[],"startAt":1779069096470,"status":"passed","title":"renders deep phase without crash"},{"ancestorTitles":["AgentProgressDisplay","phase rendering"],"duration":69,"failing":false,"failureDetails":[],"failureMessages":[],"fullName":"AgentProgressDisplay phase rendering renders deep phase and shows deep label when complete","invocations":1,"location":null,"numPassingAsserts":1,"retryReasons":[],"startAt":1779069096530,"status":"passed","title":"renders deep phase and shows deep label when complete"}],"endTime":1779069096605,"message":"","name":"D:\\Forensic Council\\apps\\web\\tests\\unit\\components\\components.test.tsx","startTime":1779069086288,"status":"focused","summary":""},{"assertionResults":[{"ancestorTitles":["token helpers"],"duration":68,"failing":false,"failureDetails":[],"failureMessages":[],"fullName":"token helpers stores and retrieves a token","invocations":1,"location":null,"numPassingAsserts":2,"retryReasons":[],"startAt":1779069091365,"status":"passed","title":"stores and retrieves a token"},{"ancestorTitles":["token helpers"],"duration":15,"failing":false,"failureDetails":[],"failureMessages":[],"fullName":"token helpers does not store an expiry when expiresIn is omitted","invocations":1,"location":null,"numPassingAsserts":1,"retryReasons":[],"startAt":1779069091439,"status":"passed","title":"does not store an expiry when expiresIn is omitted"},{"ancestorTitles":["token helpers"],"duration":13,"failing":false,"failureDetails":[],"failureMessages":[],"fullName":"token helpers clears expired tokens","invocations":1,"location":null,"numPassingAsserts":2,"retryReasons":[],"startAt":1779069091455,"status":"passed","title":"clears expired tokens"},{"ancestorTitles":["token helpers"],"duration":11,"failing":false,"failureDetails":[],"failureMessages":[],"fullName":"token helpers clears both storage keys","invocations":1,"location":null,"numPassingAsserts":2,"retryReasons":[],"startAt":1779069091469,"status":"passed","title":"clears both storage keys"},{"ancestorTitles":["token helpers"],"duration":5,"failing":false,"failureDetails":[],"failureMessages":[],"fullName":"token helpers treats stored token as authenticated","invocations":1,"location":null,"numPassingAsserts":1,"retryReasons":[],"startAt":1779069091480,"status":"passed","title":"treats stored token as authenticated"},{"ancestorTitles":["auth API"],"duration":2255,"failing":false,"failureDetails":[],"failureMessages":[],"fullName":"auth API login submits form-encoded credentials and returns payload","invocations":1,"location":null,"numPassingAsserts":6,"retryReasons":[],"startAt":1779069091487,"status":"passed","title":"login submits form-encoded credentials and returns payload"},{"ancestorTitles":["auth API"],"duration":6,"failing":false,"failureDetails":[],"failureMessages":[],"fullName":"auth API autoLoginAsInvestigator posts to the demo route","invocations":1,"location":null,"numPassingAsserts":2,"retryReasons":[],"startAt":1779069093746,"status":"passed","title":"autoLoginAsInvestigator posts to the demo route"},{"ancestorTitles":["auth API"],"duration":2191,"failing":false,"failureDetails":[],"failureMessages":[],"fullName":"auth API logout posts with cookie credentials","invocations":1,"location":null,"numPassingAsserts":3,"retryReasons":[],"startAt":1779069093753,"status":"passed","title":"logout posts with cookie credentials"},{"ancestorTitles":["auth API"],"duration":4,"failing":false,"failureDetails":[],"failureMessages":[],"fullName":"auth API ensureAuthenticated returns after a healthy /me check","invocations":1,"location":null,"numPassingAsserts":2,"retryReasons":[],"startAt":1779069095944,"status":"passed","title":"ensureAuthenticated returns after a healthy /me check"},{"ancestorTitles":["auth API"],"duration":2,"failing":false,"failureDetails":[],"failureMessages":[],"fullName":"auth API ensureAuthenticated falls back to demo login when /me is unauthorized","invocations":1,"location":null,"numPassingAsserts":1,"retryReasons":[],"startAt":1779069095948,"status":"passed","title":"ensureAuthenticated falls back to demo login when /me is unauthorized"},{"ancestorTitles":["investigation API"],"duration":2170,"failing":false,"failureDetails":[],"failureMessages":[],"fullName":"investigation API starts an investigation with multipart upload","invocations":1,"location":null,"numPassingAsserts":5,"retryReasons":[],"startAt":1779069095951,"status":"passed","title":"starts an investigation with multipart upload"},{"ancestorTitles":["investigation API"],"duration":1,"failing":false,"failureDetails":[],"failureMessages":[],"fullName":"investigation API gets report in progress on 202","invocations":1,"location":null,"numPassingAsserts":1,"retryReasons":[],"startAt":1779069098122,"status":"passed","title":"gets report in progress on 202"},{"ancestorTitles":["investigation API"],"duration":55,"failing":false,"failureDetails":[],"failureMessages":[],"fullName":"investigation API gets a completed report on 200","invocations":1,"location":null,"numPassingAsserts":2,"retryReasons":[],"startAt":1779069098123,"status":"passed","title":"gets a completed report on 200"},{"ancestorTitles":["investigation API"],"duration":2,"failing":false,"failureDetails":[],"failureMessages":[],"fullName":"investigation API gets agent brief text","invocations":1,"location":null,"numPassingAsserts":1,"retryReasons":[],"startAt":1779069098179,"status":"passed","title":"gets agent brief text"},{"ancestorTitles":["investigation API"],"duration":2,"failing":false,"failureDetails":[],"failureMessages":[],"fullName":"investigation API gets checkpoints","invocations":1,"location":null,"numPassingAsserts":1,"retryReasons":[],"startAt":1779069098181,"status":"passed","title":"gets checkpoints"},{"ancestorTitles":["investigation API"],"duration":2159,"failing":false,"failureDetails":[],"failureMessages":[],"fullName":"investigation API submits a HITL decision","invocations":1,"location":null,"numPassingAsserts":3,"retryReasons":[],"startAt":1779069098183,"status":"passed","title":"submits a HITL decision"},{"ancestorTitles":["live socket"],"duration":17,"failing":false,"failureDetails":[],"failureMessages":[],"fullName":"live socket creates a session-scoped websocket URL","invocations":1,"location":null,"numPassingAsserts":1,"retryReasons":[],"startAt":1779069100343,"status":"passed","title":"creates a session-scoped websocket URL"},{"ancestorTitles":["live socket"],"duration":6,"failing":false,"failureDetails":[],"failureMessages":[],"fullName":"live socket does not send an AUTH message on open","invocations":1,"location":null,"numPassingAsserts":1,"retryReasons":[],"startAt":1779069100360,"status":"passed","title":"does not send an AUTH message on open"},{"ancestorTitles":["live socket"],"duration":6,"failing":false,"failureDetails":[],"failureMessages":[],"fullName":"live socket resolves connected on CONNECTED","invocations":1,"location":null,"numPassingAsserts":1,"retryReasons":[],"startAt":1779069100366,"status":"passed","title":"resolves connected on CONNECTED"},{"ancestorTitles":["live socket"],"duration":3,"failing":false,"failureDetails":[],"failureMessages":[],"fullName":"live socket resolves connected on first AGENT_UPDATE","invocations":1,"location":null,"numPassingAsserts":1,"retryReasons":[],"startAt":1779069100372,"status":"passed","title":"resolves connected on first AGENT_UPDATE"},{"ancestorTitles":["live socket"],"duration":46,"failing":false,"failureDetails":[],"failureMessages":[],"fullName":"live socket rejects on websocket error","invocations":1,"location":null,"numPassingAsserts":1,"retryReasons":[],"startAt":1779069100375,"status":"passed","title":"rejects on websocket error"},{"ancestorTitles":["getReport schema fallback"],"duration":4,"failing":false,"failureDetails":[],"failureMessages":[],"fullName":"getReport schema fallback getReport falls back gracefully on schema mismatch without crashing","invocations":1,"location":null,"numPassingAsserts":3,"retryReasons":[],"startAt":1779069100421,"status":"passed","title":"getReport falls back gracefully on schema mismatch without crashing"},{"ancestorTitles":["getReport schema fallback"],"duration":2,"failing":false,"failureDetails":[],"failureMessages":[],"fullName":"getReport schema fallback getReport returns valid parsed report on success","invocations":1,"location":null,"numPassingAsserts":2,"retryReasons":[],"startAt":1779069100426,"status":"passed","title":"getReport returns valid parsed report on success"},{"ancestorTitles":["pollForReport"],"duration":27,"failing":false,"failureDetails":[],"failureMessages":[],"fullName":"pollForReport resolves after an in-progress poll turns complete","invocations":1,"location":null,"numPassingAsserts":2,"retryReasons":[],"startAt":1779069100428,"status":"passed","title":"resolves after an in-progress poll turns complete"},{"ancestorTitles":["DuplicateInvestigationError handling"],"duration":2163,"failing":false,"failureDetails":[],"failureMessages":[],"fullName":"DuplicateInvestigationError handling throws DuplicateInvestigationError for string detail with session ID","invocations":1,"location":null,"numPassingAsserts":1,"retryReasons":[],"startAt":1779069100456,"status":"passed","title":"throws DuplicateInvestigationError for string detail with session ID"},{"ancestorTitles":["DuplicateInvestigationError handling"],"duration":2177,"failing":false,"failureDetails":[],"failureMessages":[],"fullName":"DuplicateInvestigationError handling throws DuplicateInvestigationError for object with existing_session_id","invocations":1,"location":null,"numPassingAsserts":1,"retryReasons":[],"startAt":1779069102620,"status":"passed","title":"throws DuplicateInvestigationError for object with existing_session_id"},{"ancestorTitles":["DuplicateInvestigationError handling"],"duration":2167,"failing":false,"failureDetails":[],"failureMessages":[],"fullName":"DuplicateInvestigationError handling throws DuplicateInvestigationError for structured detail with code","invocations":1,"location":null,"numPassingAsserts":2,"retryReasons":[],"startAt":1779069104797,"status":"passed","title":"throws DuplicateInvestigationError for structured detail with code"},{"ancestorTitles":["DuplicateInvestigationError handling"],"duration":2159,"failing":false,"failureDetails":[],"failureMessages":[],"fullName":"DuplicateInvestigationError handling throws normal Error for 409 without session id","invocations":1,"location":null,"numPassingAsserts":1,"retryReasons":[],"startAt":1779069106964,"status":"passed","title":"throws normal Error for 409 without session id"}],"endTime":1779069109132,"message":"","name":"D:\\Forensic Council\\apps\\web\\tests\\unit\\lib\\api.test.ts","startTime":1779069086158,"status":"passed","summary":""}],"wasInterrupted":false}
